2024-03-10 14:30:40 [restartedMain] INFO  capstone.bank_api.Application - Starting Application using Java 21.0.1 with PID 19352 (D:\Documents\Capstone Back\bank_api\target\classes started by Sean in D:\Documents\Capstone Back\bank_api)
2024-03-10 14:30:40 [restartedMain] INFO  capstone.bank_api.Application - No active profile set, falling back to 1 default profile: "default"
2024-03-10 14:30:41 [restartedMain] INFO  o.s.b.d.e.DevToolsPropertyDefaultsPostProcessor - Devtools property defaults active! Set 'spring.devtools.add-properties' to 'false' to disable
2024-03-10 14:30:41 [restartedMain] INFO  o.s.b.d.e.DevToolsPropertyDefaultsPostProcessor - For additional web related logging consider setting the 'logging.level.web' property to 'DEBUG'
2024-03-10 14:30:42 [restartedMain] INFO  o.s.d.r.c.RepositoryConfigurationDelegate - Bootstrapping Spring Data JPA repositories in DEFAULT mode.
2024-03-10 14:30:42 [restartedMain] INFO  o.s.d.r.c.RepositoryConfigurationDelegate - Finished Spring Data repository scanning in 79 ms. Found 7 JPA repository interfaces.
2024-03-10 14:30:44 [restartedMain] INFO  o.s.b.w.e.tomcat.TomcatWebServer - Tomcat initialized with port 8080 (http)
2024-03-10 14:30:44 [restartedMain] INFO  o.a.coyote.http11.Http11NioProtocol - Initializing ProtocolHandler ["http-nio-8080"]
2024-03-10 14:30:44 [restartedMain] INFO  o.a.catalina.core.StandardService - Starting service [Tomcat]
2024-03-10 14:30:44 [restartedMain] INFO  o.a.catalina.core.StandardEngine - Starting Servlet engine: [Apache Tomcat/10.1.19]
2024-03-10 14:30:44 [restartedMain] INFO  o.a.c.c.C.[Tomcat].[localhost].[/] - Initializing Spring embedded WebApplicationContext
2024-03-10 14:30:44 [restartedMain] INFO  o.s.b.w.s.c.ServletWebServerApplicationContext - Root WebApplicationContext: initialization completed in 3108 ms
2024-03-10 14:30:44 [restartedMain] INFO  o.h.jpa.internal.util.LogHelper - HHH000204: Processing PersistenceUnitInfo [name: default]
2024-03-10 14:30:44 [restartedMain] INFO  org.hibernate.Version - HHH000412: Hibernate ORM core version 6.4.4.Final
2024-03-10 14:30:44 [restartedMain] INFO  o.h.c.i.RegionFactoryInitiator - HHH000026: Second-level cache disabled
2024-03-10 14:30:45 [restartedMain] INFO  o.s.o.j.p.SpringPersistenceUnitInfo - No LoadTimeWeaver setup: ignoring JPA class transformer
2024-03-10 14:30:45 [restartedMain] INFO  com.zaxxer.hikari.HikariDataSource - HikariPool-1 - Starting...
2024-03-10 14:30:45 [restartedMain] INFO  com.zaxxer.hikari.pool.HikariPool - HikariPool-1 - Added connection com.mysql.cj.jdbc.ConnectionImpl@1db699c3
2024-03-10 14:30:45 [restartedMain] INFO  com.zaxxer.hikari.HikariDataSource - HikariPool-1 - Start completed.
2024-03-10 14:30:46 [restartedMain] INFO  o.h.e.t.j.p.i.JtaPlatformInitiator - HHH000489: No JTA platform available (set 'hibernate.transaction.jta.platform' to enable JTA platform integration)
2024-03-10 14:30:47 [restartedMain] INFO  o.s.o.j.LocalContainerEntityManagerFactoryBean - Initialized JPA EntityManagerFactory for persistence unit 'default'
2024-03-10 14:30:48 [restartedMain] INFO  o.s.d.j.r.query.QueryEnhancerFactory - Hibernate is in classpath; If applicable, HQL parser will be used.
2024-03-10 14:30:49 [restartedMain] INFO  o.s.b.a.e.web.EndpointLinksResolver - Exposing 15 endpoint(s) beneath base path '/actuator'
2024-03-10 14:30:50 [restartedMain] INFO  o.s.s.web.DefaultSecurityFilterChain - Will secure any request with [org.springframework.security.web.session.DisableEncodeUrlFilter@4fee14c1, org.springframework.security.web.context.request.async.WebAsyncManagerIntegrationFilter@7fe88f7, org.springframework.security.web.context.SecurityContextHolderFilter@43195574, org.springframework.security.web.header.HeaderWriterFilter@6d2266d5, org.springframework.web.filter.CorsFilter@60d9d7fa, org.springframework.security.web.authentication.logout.LogoutFilter@1ccb40e1, org.springframework.security.web.authentication.www.BasicAuthenticationFilter@7ac1bfb2, org.springframework.security.web.savedrequest.RequestCacheAwareFilter@1d3be942, org.springframework.security.web.servletapi.SecurityContextHolderAwareRequestFilter@134455c2, org.springframework.security.web.authentication.AnonymousAuthenticationFilter@6537b25f, org.springframework.security.web.access.ExceptionTranslationFilter@49921852, org.springframework.security.web.access.intercept.AuthorizationFilter@7025f886]
2024-03-10 14:30:50 [restartedMain] INFO  o.s.b.d.a.OptionalLiveReloadServer - LiveReload server is running on port 35729
2024-03-10 14:30:51 [restartedMain] INFO  o.a.coyote.http11.Http11NioProtocol - Starting ProtocolHandler ["http-nio-8080"]
2024-03-10 14:30:51 [restartedMain] INFO  o.s.b.w.e.tomcat.TomcatWebServer - Tomcat started on port 8080 (http) with context path ''
2024-03-10 14:30:51 [restartedMain] INFO  capstone.bank_api.Application - Started Application in 10.784 seconds (process running for 11.419)
2024-03-10 14:31:36 [http-nio-8080-exec-1] INFO  o.a.c.c.C.[Tomcat].[localhost].[/] - Initializing Spring DispatcherServlet 'dispatcherServlet'
2024-03-10 14:31:36 [http-nio-8080-exec-1] INFO  o.s.web.servlet.DispatcherServlet - Initializing Servlet 'dispatcherServlet'
2024-03-10 14:31:36 [http-nio-8080-exec-1] INFO  o.s.web.servlet.DispatcherServlet - Completed initialization in 2 ms
2024-03-10 14:32:10 [http-nio-8080-exec-3] INFO  o.s.api.AbstractOpenApiResource - Init duration for springdoc-openapi is: 1119 ms
